mode: set
github.com/silvanoneto/OpenDataGov/services/gateway/internal/config/config.go:20.27,22.45 2 1
github.com/silvanoneto/OpenDataGov/services/gateway/internal/config/config.go:22.45,23.53 1 1
github.com/silvanoneto/OpenDataGov/services/gateway/internal/config/config.go:23.53,25.4 1 1
github.com/silvanoneto/OpenDataGov/services/gateway/internal/config/config.go:28.2,29.46 2 1
github.com/silvanoneto/OpenDataGov/services/gateway/internal/config/config.go:29.46,30.43 1 1
github.com/silvanoneto/OpenDataGov/services/gateway/internal/config/config.go:30.43,32.15 2 1
github.com/silvanoneto/OpenDataGov/services/gateway/internal/config/config.go:32.15,34.5 1 1
github.com/silvanoneto/OpenDataGov/services/gateway/internal/config/config.go:38.2,41.3 1 1
github.com/silvanoneto/OpenDataGov/services/gateway/internal/health/handler.go:29.45,31.29 2 1
github.com/silvanoneto/OpenDataGov/services/gateway/internal/health/handler.go:31.29,33.3 1 1
github.com/silvanoneto/OpenDataGov/services/gateway/internal/health/handler.go:34.2,37.3 1 1
github.com/silvanoneto/OpenDataGov/services/gateway/internal/health/handler.go:41.54,44.2 2 1
github.com/silvanoneto/OpenDataGov/services/gateway/internal/health/handler.go:48.63,52.12 2 1
github.com/silvanoneto/OpenDataGov/services/gateway/internal/health/handler.go:52.12,56.7 3 1
github.com/silvanoneto/OpenDataGov/services/gateway/internal/health/handler.go:56.7,57.11 1 1
github.com/silvanoneto/OpenDataGov/services/gateway/internal/health/handler.go:58.22,59.11 1 1
github.com/silvanoneto/OpenDataGov/services/gateway/internal/health/handler.go:60.20,61.17 1 0
github.com/silvanoneto/OpenDataGov/services/gateway/internal/health/handler.go:68.30,71.37 2 1
github.com/silvanoneto/OpenDataGov/services/gateway/internal/health/handler.go:71.37,75.18 4 1
github.com/silvanoneto/OpenDataGov/services/gateway/internal/health/handler.go:75.18,77.4 1 1
github.com/silvanoneto/OpenDataGov/services/gateway/internal/health/handler.go:78.3,78.10 1 1
github.com/silvanoneto/OpenDataGov/services/gateway/internal/health/handler.go:78.10,80.4 1 1
github.com/silvanoneto/OpenDataGov/services/gateway/internal/health/handler.go:82.3,84.16 3 1
github.com/silvanoneto/OpenDataGov/services/gateway/internal/health/handler.go:89.37,93.31 3 1
github.com/silvanoneto/OpenDataGov/services/gateway/internal/health/handler.go:93.31,94.9 1 1
github.com/silvanoneto/OpenDataGov/services/gateway/internal/health/handler.go:94.9,96.4 1 1
github.com/silvanoneto/OpenDataGov/services/gateway/internal/health/handler.go:98.2,98.14 1 1
github.com/silvanoneto/OpenDataGov/services/gateway/internal/health/handler.go:102.72,105.85 3 1
github.com/silvanoneto/OpenDataGov/services/gateway/internal/health/handler.go:105.85,107.3 1 0
github.com/silvanoneto/OpenDataGov/services/gateway/internal/health/handler.go:112.71,115.45 2 1
github.com/silvanoneto/OpenDataGov/services/gateway/internal/health/handler.go:115.45,117.93 2 1
github.com/silvanoneto/OpenDataGov/services/gateway/internal/health/handler.go:117.93,119.4 1 0
github.com/silvanoneto/OpenDataGov/services/gateway/internal/health/handler.go:120.3,120.9 1 1
github.com/silvanoneto/OpenDataGov/services/gateway/internal/health/handler.go:123.2,124.88 2 1
github.com/silvanoneto/OpenDataGov/services/gateway/internal/health/handler.go:124.88,126.3 1 0
github.com/silvanoneto/OpenDataGov/services/gateway/internal/middleware/logging.go:17.49,18.17 1 1
github.com/silvanoneto/OpenDataGov/services/gateway/internal/middleware/logging.go:18.17,21.3 2 1
github.com/silvanoneto/OpenDataGov/services/gateway/internal/middleware/logging.go:22.2,22.37 1 1
github.com/silvanoneto/OpenDataGov/services/gateway/internal/middleware/logging.go:27.56,28.17 1 1
github.com/silvanoneto/OpenDataGov/services/gateway/internal/middleware/logging.go:28.17,31.3 2 1
github.com/silvanoneto/OpenDataGov/services/gateway/internal/middleware/logging.go:32.2,32.35 1 1
github.com/silvanoneto/OpenDataGov/services/gateway/internal/middleware/logging.go:38.35,39.51 1 1
github.com/silvanoneto/OpenDataGov/services/gateway/internal/middleware/logging.go:39.51,41.3 1 1
github.com/silvanoneto/OpenDataGov/services/gateway/internal/middleware/logging.go:46.46,47.71 1 1
github.com/silvanoneto/OpenDataGov/services/gateway/internal/middleware/logging.go:47.71,63.3 4 1
github.com/silvanoneto/OpenDataGov/services/gateway/internal/proxy/handler.go:21.45,25.2 1 1
github.com/silvanoneto/OpenDataGov/services/gateway/internal/proxy/handler.go:28.54,31.2 2 1
github.com/silvanoneto/OpenDataGov/services/gateway/internal/proxy/handler.go:35.42,37.12 2 1
github.com/silvanoneto/OpenDataGov/services/gateway/internal/proxy/handler.go:37.12,39.3 1 1
github.com/silvanoneto/OpenDataGov/services/gateway/internal/proxy/handler.go:40.2,41.34 2 1
github.com/silvanoneto/OpenDataGov/services/gateway/internal/proxy/handler.go:47.72,49.19 2 1
github.com/silvanoneto/OpenDataGov/services/gateway/internal/proxy/handler.go:49.19,52.3 2 1
github.com/silvanoneto/OpenDataGov/services/gateway/internal/proxy/handler.go:55.2,56.16 2 1
github.com/silvanoneto/OpenDataGov/services/gateway/internal/proxy/handler.go:56.16,60.3 3 1
github.com/silvanoneto/OpenDataGov/services/gateway/internal/proxy/handler.go:61.2,65.16 4 1
github.com/silvanoneto/OpenDataGov/services/gateway/internal/proxy/handler.go:65.16,69.3 3 0
github.com/silvanoneto/OpenDataGov/services/gateway/internal/proxy/handler.go:72.2,72.88 1 1
github.com/silvanoneto/OpenDataGov/services/gateway/internal/proxy/handler.go:72.88,73.38 1 1
github.com/silvanoneto/OpenDataGov/services/gateway/internal/proxy/handler.go:73.38,75.4 1 1
github.com/silvanoneto/OpenDataGov/services/gateway/internal/proxy/handler.go:80.2,82.16 3 1
github.com/silvanoneto/OpenDataGov/services/gateway/internal/proxy/handler.go:82.16,86.3 3 1
github.com/silvanoneto/OpenDataGov/services/gateway/internal/proxy/handler.go:87.2,87.15 1 1
github.com/silvanoneto/OpenDataGov/services/gateway/internal/proxy/handler.go:87.15,87.40 1 1
github.com/silvanoneto/OpenDataGov/services/gateway/internal/proxy/handler.go:91.2,91.39 1 1
github.com/silvanoneto/OpenDataGov/services/gateway/internal/proxy/handler.go:91.39,92.28 1 1
github.com/silvanoneto/OpenDataGov/services/gateway/internal/proxy/handler.go:92.28,94.4 1 1
github.com/silvanoneto/OpenDataGov/services/gateway/internal/proxy/handler.go:96.2,103.6 4 1
github.com/silvanoneto/OpenDataGov/services/gateway/internal/proxy/handler.go:103.6,105.12 2 1
github.com/silvanoneto/OpenDataGov/services/gateway/internal/proxy/handler.go:105.12,106.56 1 1
github.com/silvanoneto/OpenDataGov/services/gateway/internal/proxy/handler.go:106.56,109.5 2 1
github.com/silvanoneto/OpenDataGov/services/gateway/internal/proxy/handler.go:110.4,110.16 1 1
github.com/silvanoneto/OpenDataGov/services/gateway/internal/proxy/handler.go:110.16,112.5 1 1
github.com/silvanoneto/OpenDataGov/services/gateway/internal/proxy/handler.go:114.3,114.21 1 1
github.com/silvanoneto/OpenDataGov/services/gateway/internal/proxy/handler.go:114.21,115.25 1 1
github.com/silvanoneto/OpenDataGov/services/gateway/internal/proxy/handler.go:115.25,117.5 1 1
github.com/silvanoneto/OpenDataGov/services/gateway/internal/proxy/handler.go:118.4,118.9 1 1
